22:47:22 **** Rebuild of configuration Debug for project sample ****
Info: Internal Builder is used for build
cl /c /EHs /MD /Zi /nologo "/Fosrc\\sample.obj" "..\\src\\sample.cpp" 
sample.cpp
link /debug /nologo /OUT:sample.exe "src\\sample.obj" 
LINK : fatal error LNK1104: не удается открыть файл "kernel32.lib"
22:56:32 **** Incremental Build of configuration Debug for project sample ****
Info: Internal Builder is used for build
cl /c /EHs /MD /Zi /nologo "/Fosrc\\sample.obj" "..\\src\\sample.cpp" 
sample.cpp
link /debug /nologo /OUT:sample.exe "src\\sample.obj" 
LINK : fatal error LNK1104: не удается открыть файл "kernel32.lib"
21:33:21 **** Incremental Build of configuration Debug for project sample ****
Info: Internal Builder is used for build
link /debug /nologo /OUT:sample.exe "src\\sample.obj" 
LINK : fatal error LNK1104: не удается открыть файл "kernel32.lib"
21:33:22 **** Rebuild of configuration Debug for project smpl ****
Info: Internal Builder is used for build
g++ -O0 -g3 -Wall -c -fmessage-length=0 -o "src\\smpl.o" "..\\src\\smpl.cpp" 
g++ -o smpl.exe "src\\smpl.o" 
Info: Nothing to build for smpl
